This file contains any messages produced by compilers while
running configure, to aid debugging if configure makes a mistake.

It was created by libevdev configure 1.8.0, which was
generated by GNU Autoconf 2.69.  Invocation command line was

  $ ./configure --host=armv7l-linux-musleabihf --prefix=/mnt/HDD/Project/Public/inkbox-power-deamon/lib/libevdev/install

## --------- ##
## Platform. ##
## --------- ##

hostname = hyperbookszyb
uname -m = x86_64
uname -r = 5.15.48-1-lts
uname -s = Linux
uname -v = #1 SMP Thu, 16 Jun 2022 13:32:35 +0000

/usr/bin/uname -p = unknown
/bin/uname -X     = unknown

/bin/arch              = unknown
/usr/bin/arch -k       = unknown
/usr/convex/getsysinfo = unknown
/usr/bin/hostinfo      = unknown
/bin/machine           = unknown
/usr/bin/oslevel       = unknown
/bin/universe          = unknown

PATH: /home/szybet/.local/bin
PATH: /usr/local/bin
PATH: /usr/bin
PATH: /bin
PATH: /usr/local/sbin
PATH: /usr/bin/site_perl
PATH: /usr/bin/vendor_perl
PATH: /usr/bin/core_perl


## ----------- ##
## Core tests. ##
## ----------- ##

configure:2314: checking for armv7l-linux-musleabihf-gcc
configure:2344: result: no
configure:2354: checking for gcc
configure:2370: found /usr/bin/gcc
configure:2381: result: gcc
configure:2610: checking for C compiler version
configure:2619: gcc --version >&5
gcc (GCC) 12.1.0
Copyright (C) 2022 Free Software Foundation, Inc.
This is free software; see the source for copying conditions.  There is NO
warranty; not even for MERCHANTABILITY or FITNESS FOR A PARTICULAR PURPOSE.

configure:2630: $? = 0
configure:2619: gcc -v >&5
Using built-in specs.
COLLECT_GCC=gcc
COLLECT_LTO_WRAPPER=/usr/lib/gcc/x86_64-pc-linux-gnu/12.1.0/lto-wrapper
Target: x86_64-pc-linux-gnu
Configured with: /build/gcc/src/gcc/configure --enable-languages=c,c++,ada,fortran,go,lto,objc,obj-c++ --enable-bootstrap --prefix=/usr --libdir=/usr/lib --libexecdir=/usr/lib --mandir=/usr/share/man --infodir=/usr/share/info --with-bugurl=https://bugs.archlinux.org/ --with-linker-hash-style=gnu --with-system-zlib --enable-__cxa_atexit --enable-cet=auto --enable-checking=release --enable-clocale=gnu --enable-default-pie --enable-default-ssp --enable-gnu-indirect-function --enable-gnu-unique-object --enable-linker-build-id --enable-lto --enable-multilib --enable-plugin --enable-shared --enable-threads=posix --disable-libssp --disable-libstdcxx-pch --disable-werror --with-build-config=bootstrap-lto --enable-link-serialization=1
Thread model: posix
Supported LTO compression algorithms: zlib zstd
gcc version 12.1.0 (GCC) 
configure:2630: $? = 0
configure:2619: gcc -V >&5
gcc: error: unrecognized command-line option '-V'
gcc: fatal error: no input files
compilation terminated.
configure:2630: $? = 1
configure:2619: gcc -qversion >&5
gcc: error: unrecognized command-line option '-qversion'; did you mean '--version'?
gcc: fatal error: no input files
compilation terminated.
configure:2630: $? = 1
configure:2650: checking whether the C compiler works
configure:2672: gcc    conftest.c  >&5
configure:2676: $? = 0
configure:2724: result: yes
configure:2727: checking for C compiler default output file name
configure:2729: result: a.out
configure:2735: checking for suffix of executables
configure:2742: gcc -o conftest    conftest.c  >&5
configure:2746: $? = 0
configure:2768: result: 
configure:2790: checking whether we are cross compiling
configure:2798: gcc -o conftest    conftest.c  >&5
configure:2802: $? = 0
configure:2809: ./conftest
configure:2813: $? = 0
configure:2828: result: no
configure:2833: checking for suffix of object files
configure:2855: gcc -c   conftest.c >&5
configure:2859: $? = 0
configure:2880: result: o
configure:2884: checking whether we are using the GNU C compiler
configure:2903: gcc -c   conftest.c >&5
configure:2903: $? = 0
configure:2912: result: yes
configure:2921: checking whether gcc accepts -g
configure:2941: gcc -c -g  conftest.c >&5
configure:2941: $? = 0
configure:2982: result: yes
configure:2999: checking for gcc option to accept ISO C89
configure:3062: gcc  -c -g -O2  conftest.c >&5
configure:3062: $? = 0
configure:3075: result: none needed
configure:3100: checking whether gcc understands -c and -o together
configure:3122: gcc -c conftest.c -o conftest2.o
configure:3125: $? = 0
configure:3122: gcc -c conftest.c -o conftest2.o
configure:3125: $? = 0
configure:3137: result: yes
configure:3160: checking how to run the C preprocessor
configure:3191: gcc -E  conftest.c
configure:3191: $? = 0
configure:3205: gcc -E  conftest.c
conftest.c:9:10: fatal error: ac_nonexistent.h: No such file or directory
    9 | #include <ac_nonexistent.h>
      |          ^~~~~~~~~~~~~~~~~~
compilation terminated.
configure:3205: $? = 1
configure: failed program was:
| /* confdefs.h */
| #define PACKAGE_NAME "libevdev"
| #define PACKAGE_TARNAME "libevdev"
| #define PACKAGE_VERSION "1.8.0"
| #define PACKAGE_STRING "libevdev 1.8.0"
| #define PACKAGE_BUGREPORT "https://bugs.freedesktop.org/enter_bug.cgi?product=libevdev"
| #define PACKAGE_URL "http://freedesktop.org/wiki/Software/libevdev/"
| /* end confdefs.h.  */
| #include <ac_nonexistent.h>
configure:3230: result: gcc -E
configure:3250: gcc -E  conftest.c
configure:3250: $? = 0
configure:3264: gcc -E  conftest.c
conftest.c:9:10: fatal error: ac_nonexistent.h: No such file or directory
    9 | #include <ac_nonexistent.h>
      |          ^~~~~~~~~~~~~~~~~~
compilation terminated.
configure:3264: $? = 1
configure: failed program was:
| /* confdefs.h */
| #define PACKAGE_NAME "libevdev"
| #define PACKAGE_TARNAME "libevdev"
| #define PACKAGE_VERSION "1.8.0"
| #define PACKAGE_STRING "libevdev 1.8.0"
| #define PACKAGE_BUGREPORT "https://bugs.freedesktop.org/enter_bug.cgi?product=libevdev"
| #define PACKAGE_URL "http://freedesktop.org/wiki/Software/libevdev/"
| /* end confdefs.h.  */
| #include <ac_nonexistent.h>
configure:3293: checking for grep that handles long lines and -e
configure:3351: result: /usr/bin/grep
configure:3356: checking for egrep
configure:3418: result: /usr/bin/grep -E
configure:3423: checking for ANSI C header files
configure:3443: gcc -c -g -O2  conftest.c >&5
configure:3443: $? = 0
configure:3516: gcc -o conftest -g -O2   conftest.c  >&5
configure:3516: $? = 0
configure:3516: ./conftest
configure:3516: $? = 0
configure:3527: result: yes
configure:3540: checking for sys/types.h
configure:3540: gcc -c -g -O2  conftest.c >&5
configure:3540: $? = 0
configure:3540: result: yes
configure:3540: checking for sys/stat.h
configure:3540: gcc -c -g -O2  conftest.c >&5
configure:3540: $? = 0
configure:3540: result: yes
configure:3540: checking for stdlib.h
configure:3540: gcc -c -g -O2  conftest.c >&5
configure:3540: $? = 0
configure:3540: result: yes
configure:3540: checking for string.h
configure:3540: gcc -c -g -O2  conftest.c >&5
configure:3540: $? = 0
configure:3540: result: yes
configure:3540: checking for memory.h
configure:3540: gcc -c -g -O2  conftest.c >&5
configure:3540: $? = 0
configure:3540: result: yes
configure:3540: checking for strings.h
configure:3540: gcc -c -g -O2  conftest.c >&5
configure:3540: $? = 0
configure:3540: result: yes
configure:3540: checking for inttypes.h
configure:3540: gcc -c -g -O2  conftest.c >&5
configure:3540: $? = 0
configure:3540: result: yes
configure:3540: checking for stdint.h
configure:3540: gcc -c -g -O2  conftest.c >&5
configure:3540: $? = 0
configure:3540: result: yes
configure:3540: checking for unistd.h
configure:3540: gcc -c -g -O2  conftest.c >&5
configure:3540: $? = 0
configure:3540: result: yes
configure:3553: checking minix/config.h usability
configure:3553: gcc -c -g -O2  conftest.c >&5
conftest.c:52:10: fatal error: minix/config.h: No such file or directory
   52 | #include <minix/config.h>
      |          ^~~~~~~~~~~~~~~~
compilation terminated.
configure:3553: $? = 1
configure: failed program was:
| /* confdefs.h */
| #define PACKAGE_NAME "libevdev"
| #define PACKAGE_TARNAME "libevdev"
| #define PACKAGE_VERSION "1.8.0"
| #define PACKAGE_STRING "libevdev 1.8.0"
| #define PACKAGE_BUGREPORT "https://bugs.freedesktop.org/enter_bug.cgi?product=libevdev"
| #define PACKAGE_URL "http://freedesktop.org/wiki/Software/libevdev/"
| #define STDC_HEADERS 1
| #define HAVE_SYS_TYPES_H 1
| #define HAVE_SYS_STAT_H 1
| #define HAVE_STDLIB_H 1
| #define HAVE_STRING_H 1
| #define HAVE_MEMORY_H 1
| #define HAVE_STRINGS_H 1
| #define HAVE_INTTYPES_H 1
| #define HAVE_STDINT_H 1
| #define HAVE_UNISTD_H 1
| /* end confdefs.h.  */
| #include <stdio.h>
| #ifdef HAVE_SYS_TYPES_H
| # include <sys/types.h>
| #endif
| #ifdef HAVE_SYS_STAT_H
| # include <sys/stat.h>
| #endif
| #ifdef STDC_HEADERS
| # include <stdlib.h>
| # include <stddef.h>
| #else
| # ifdef HAVE_STDLIB_H
| #  include <stdlib.h>
| # endif
| #endif
| #ifdef HAVE_STRING_H
| # if !defined STDC_HEADERS && defined HAVE_MEMORY_H
| #  include <memory.h>
| # endif
| # include <string.h>
| #endif
| #ifdef HAVE_STRINGS_H
| # include <strings.h>
| #endif
| #ifdef HAVE_INTTYPES_H
| # include <inttypes.h>
| #endif
| #ifdef HAVE_STDINT_H
| # include <stdint.h>
| #endif
| #ifdef HAVE_UNISTD_H
| # include <unistd.h>
| #endif
| #include <minix/config.h>
configure:3553: result: no
configure:3553: checking minix/config.h presence
configure:3553: gcc -E  conftest.c
conftest.c:19:10: fatal error: minix/config.h: No such file or directory
   19 | #include <minix/config.h>
      |          ^~~~~~~~~~~~~~~~
compilation terminated.
configure:3553: $? = 1
configure: failed program was:
| /* confdefs.h */
| #define PACKAGE_NAME "libevdev"
| #define PACKAGE_TARNAME "libevdev"
| #define PACKAGE_VERSION "1.8.0"
| #define PACKAGE_STRING "libevdev 1.8.0"
| #define PACKAGE_BUGREPORT "https://bugs.freedesktop.org/enter_bug.cgi?product=libevdev"
| #define PACKAGE_URL "http://freedesktop.org/wiki/Software/libevdev/"
| #define STDC_HEADERS 1
| #define HAVE_SYS_TYPES_H 1
| #define HAVE_SYS_STAT_H 1
| #define HAVE_STDLIB_H 1
| #define HAVE_STRING_H 1
| #define HAVE_MEMORY_H 1
| #define HAVE_STRINGS_H 1
| #define HAVE_INTTYPES_H 1
| #define HAVE_STDINT_H 1
| #define HAVE_UNISTD_H 1
| /* end confdefs.h.  */
| #include <minix/config.h>
configure:3553: result: no
configure:3553: checking for minix/config.h
configure:3553: result: no
configure:3574: checking whether it is safe to define __EXTENSIONS__
configure:3592: gcc -c -g -O2  conftest.c >&5
configure:3592: $? = 0
configure:3599: result: yes
configure:3630: checking for a BSD-compatible install
configure:3698: result: /usr/bin/install -c
configure:3709: checking whether build environment is sane
configure:3764: result: yes
configure:3912: checking for a thread-safe mkdir -p
configure:3951: result: /usr/bin/mkdir -p
configure:3958: checking for gawk
configure:3974: found /usr/bin/gawk
configure:3985: result: gawk
configure:3996: checking whether make sets $(MAKE)
configure:4018: result: yes
configure:4040: checking whether make supports the include directive
configure:4055: make -f confmf.GNU && cat confinc.out
this is the am__doit target
configure:4058: $? = 0
configure:4077: result: yes (GNU style)
configure:4110: checking whether make supports nested variables
configure:4127: result: yes
configure:4212: checking dependency style of gcc
configure:4323: result: gcc3
configure:4405: checking whether make supports nested variables
configure:4422: result: yes
configure:4435: checking for gcc option to accept ISO C99
configure:4584: gcc  -c -g -O2  conftest.c >&5
configure:4584: $? = 0
configure:4597: result: none needed
configure:4644: checking build system type
configure:4658: result: x86_64-pc-linux-gnu
configure:4678: checking host system type
configure:4691: result: armv7l-unknown-linux-musleabihf
configure:4732: checking how to print strings
configure:4759: result: printf
configure:4780: checking for a sed that does not truncate output
configure:4844: result: /usr/bin/sed
configure:4862: checking for fgrep
configure:4924: result: /usr/bin/grep -F
configure:4959: checking for ld used by gcc
configure:5026: result: /usr/bin/ld
configure:5033: checking if the linker (/usr/bin/ld) is GNU ld
configure:5048: result: yes
configure:5060: checking for BSD- or MS-compatible name lister (nm)
configure:5114: result: no
configure:5128: checking for armv7l-linux-musleabihf-dumpbin
configure:5158: result: no
configure:5128: checking for armv7l-linux-musleabihf-link
configure:5158: result: no
configure:5172: checking for dumpbin
configure:5202: result: no
configure:5172: checking for link
configure:5188: found /usr/bin/link
configure:5199: result: link -dump
configure:5244: checking the name lister (nm) interface
configure:5251: gcc -c -g -O2  conftest.c >&5
configure:5254: nm "conftest.o"
configure:5257: output
0000000000000000 B some_variable
configure:5264: result: BSD nm
configure:5267: checking whether ln -s works
configure:5271: result: yes
configure:5279: checking the maximum length of command line arguments
configure:5410: result: 1572864
configure:5458: checking how to convert x86_64-pc-linux-gnu file names to armv7l-unknown-linux-musleabihf format
configure:5498: result: func_convert_file_noop
configure:5505: checking how to convert x86_64-pc-linux-gnu file names to toolchain format
configure:5525: result: func_convert_file_noop
configure:5532: checking for /usr/bin/ld option to reload object files
configure:5539: result: -r
configure:5573: checking for armv7l-linux-musleabihf-objdump
configure:5603: result: no
configure:5613: checking for objdump
configure:5629: found /usr/bin/objdump
configure:5640: result: objdump
configure:5672: checking how to recognize dependent libraries
configure:5872: result: pass_all
configure:5917: checking for armv7l-linux-musleabihf-dlltool
configure:5947: result: no
configure:5957: checking for dlltool
configure:5987: result: no
configure:6017: checking how to associate runtime and link libraries
configure:6044: result: printf %s\n
configure:6060: checking for armv7l-linux-musleabihf-ar
configure:6090: result: no
configure:6104: checking for ar
configure:6120: found /usr/bin/ar
configure:6131: result: ar
configure:6168: checking for archiver @FILE support
configure:6185: gcc -c -g -O2  conftest.c >&5
configure:6185: $? = 0
configure:6188: ar cru libconftest.a @conftest.lst >&5
ar: `u' modifier ignored since `D' is the default (see `U')
configure:6191: $? = 0
configure:6196: ar cru libconftest.a @conftest.lst >&5
ar: `u' modifier ignored since `D' is the default (see `U')
ar: conftest.o: No such file or directory
configure:6199: $? = 1
configure:6211: result: @
configure:6229: checking for armv7l-linux-musleabihf-strip
configure:6259: result: no
configure:6269: checking for strip
configure:6285: found /usr/bin/strip
configure:6296: result: strip
configure:6328: checking for armv7l-linux-musleabihf-ranlib
configure:6358: result: no
configure:6368: checking for ranlib
configure:6384: found /usr/bin/ranlib
configure:6395: result: ranlib
configure:6497: checking command to parse nm output from gcc object
configure:6650: gcc -c -g -O2  conftest.c >&5
configure:6653: $? = 0
configure:6657: nm conftest.o \| sed -n -e 's/^.*[ ]\([ABCDGIRSTW][ABCDGIRSTW]*\)[ ][ ]*\([_A-Za-z][_A-Za-z0-9]*\)$/\1 \2 \2/p' | sed '/ __gnu_lto/d' \> conftest.nm
configure:6660: $? = 0
configure:6726: gcc -o conftest -g -O2   conftest.c conftstm.o >&5
configure:6729: $? = 0
configure:6767: result: ok
configure:6814: checking for sysroot
configure:6844: result: no
configure:6851: checking for a working dd
configure:6889: result: /usr/bin/dd
configure:6893: checking how to truncate binary pipes
configure:6908: result: /usr/bin/dd bs=4096 count=1
configure:7197: checking for armv7l-linux-musleabihf-mt
configure:7227: result: no
configure:7237: checking for mt
configure:7267: result: no
configure:7287: checking if : is a manifest tool
configure:7293: : '-?'
configure:7301: result: no
configure:7975: checking for dlfcn.h
configure:7975: gcc -c -g -O2  conftest.c >&5
configure:7975: $? = 0
configure:7975: result: yes
configure:8231: checking for objdir
configure:8246: result: .libs
configure:8510: checking if gcc supports -fno-rtti -fno-exceptions
configure:8528: gcc -c -g -O2  -fno-rtti -fno-exceptions conftest.c >&5
cc1: warning: command-line option '-fno-rtti' is valid for C++/D/ObjC++ but not for C
configure:8532: $? = 0
configure:8545: result: no
configure:8903: checking for gcc option to produce PIC
configure:8910: result: -fPIC -DPIC
configure:8918: checking if gcc PIC flag -fPIC -DPIC works
configure:8936: gcc -c -g -O2  -fPIC -DPIC -DPIC conftest.c >&5
configure:8940: $? = 0
configure:8953: result: yes
configure:8982: checking if gcc static flag -static works
configure:9010: result: yes
configure:9025: checking if gcc supports -c -o file.o
configure:9046: gcc -c -g -O2  -o out/conftest2.o conftest.c >&5
configure:9050: $? = 0
configure:9072: result: yes
configure:9080: checking if gcc supports -c -o file.o
configure:9127: result: yes
configure:9160: checking whether the gcc linker (/usr/bin/ld) supports shared libraries
configure:10419: result: yes
configure:10456: checking whether -lc should be explicitly linked in
configure:10464: gcc -c -g -O2  conftest.c >&5
configure:10467: $? = 0
configure:10482: gcc -shared  -fPIC -DPIC conftest.o  -v -Wl,-soname -Wl,conftest -o conftest 2\>\&1 \| /usr/bin/grep  -lc  \>/dev/null 2\>\&1
configure:10485: $? = 0
configure:10499: result: no
configure:10659: checking dynamic linker characteristics
configure:11240: gcc -o conftest -g -O2   -Wl,-rpath -Wl,/foo conftest.c  >&5
configure:11240: $? = 0
configure:11480: result: GNU/Linux ld.so
configure:11602: checking how to hardcode library paths into programs
configure:11627: result: immediate
configure:12175: checking whether stripping libraries is possible
configure:12180: result: yes
configure:12215: checking if libtool supports shared libraries
configure:12217: result: yes
configure:12220: checking whether to build shared libraries
configure:12245: result: yes
configure:12248: checking whether to build static libraries
configure:12252: result: yes
configure:12301: checking for ld used by gcc
configure:12368: result: /usr/bin/ld
configure:12375: checking if the linker (/usr/bin/ld) is GNU ld
configure:12390: result: yes
configure:12409: checking if gcc supports flag -Wl,--as-needed in envvar LDFLAGS
configure:12420: gcc -o conftest -g -O2  -Werror -Wl,--as-needed conftest.c  >&5
configure:12420: $? = 0
configure:12430: result: yes
configure:12409: checking if gcc supports flag -Wl,--gc-sections in envvar LDFLAGS
configure:12420: gcc -o conftest -g -O2  -Werror -Wl,--gc-sections conftest.c  >&5
configure:12420: $? = 0
configure:12430: result: yes
configure:12409: checking if gcc supports flag -Wl,-z,relro in envvar LDFLAGS
configure:12420: gcc -o conftest -g -O2  -Werror -Wl,-z,relro conftest.c  >&5
configure:12420: $? = 0
configure:12430: result: yes
configure:12409: checking if gcc supports flag -Wl,-z,now in envvar LDFLAGS
configure:12420: gcc -o conftest -g -O2  -Werror -Wl,-z,now conftest.c  >&5
configure:12420: $? = 0
configure:12430: result: yes
configure:12443: checking for round in -lm
configure:12468: gcc -o conftest -g -O2   conftest.c -lm   >&5
conftest.c:35:6: warning: conflicting types for built-in function 'round'; expected 'double(double)' [-Wbuiltin-declaration-mismatch]
   35 | char round ();
      |      ^~~~~
conftest.c:1:1: note: 'round' is declared in header '<math.h>'
    1 | /* confdefs.h */
configure:12468: $? = 0
configure:12477: result: yes
configure:12500: checking for armv7l-linux-musleabihf-pkg-config
configure:12533: result: no
configure:12543: checking for pkg-config
configure:12561: found /usr/bin/pkg-config
configure:12573: result: /usr/bin/pkg-config
configure:12598: checking pkg-config is at least version 0.9.0
configure:12601: result: yes
configure:12611: checking for CHECK
configure:12618: $PKG_CONFIG --exists --print-errors "check >= 0.9.9"
Package check was not found in the pkg-config search path.
Perhaps you should add the directory containing `check.pc'
to the PKG_CONFIG_PATH environment variable
Package 'check', required by 'virtual:world', not found
configure:12621: $? = 1
configure:12635: $PKG_CONFIG --exists --print-errors "check >= 0.9.9"
Package check was not found in the pkg-config search path.
Perhaps you should add the directory containing `check.pc'
to the PKG_CONFIG_PATH environment variable
Package 'check', required by 'virtual:world', not found
configure:12638: $? = 1
configure:12652: result: no
Package 'check', required by 'virtual:world', not found
configure:12722: WARNING: check not found - skipping building unit tests
configure:12768: checking if gcc supports flag -Wall in envvar CFLAGS
configure:12779: gcc -o conftest -Werror -Wall   conftest.c -lm  >&5
configure:12779: $? = 0
configure:12789: result: yes
configure:12768: checking if gcc supports flag -Wextra in envvar CFLAGS
configure:12779: gcc -o conftest -Werror -Wextra   conftest.c -lm  >&5
configure:12779: $? = 0
configure:12789: result: yes
configure:12768: checking if gcc supports flag -Wno-unused-parameter in envvar CFLAGS
configure:12779: gcc -o conftest -Werror -Wno-unused-parameter   conftest.c -lm  >&5
configure:12779: $? = 0
configure:12789: result: yes
configure:12768: checking if gcc supports flag -Wstrict-prototypes in envvar CFLAGS
configure:12779: gcc -o conftest -Werror -Wstrict-prototypes   conftest.c -lm  >&5
configure:12779: $? = 0
configure:12789: result: yes
configure:12768: checking if gcc supports flag -Wmissing-prototypes in envvar CFLAGS
configure:12779: gcc -o conftest -Werror -Wmissing-prototypes   conftest.c -lm  >&5
configure:12779: $? = 0
configure:12789: result: yes
configure:12768: checking if gcc supports flag -fvisibility=hidden in envvar CFLAGS
configure:12779: gcc -o conftest -Werror -fvisibility=hidden   conftest.c -lm  >&5
configure:12779: $? = 0
configure:12789: result: yes
configure:12768: checking if gcc supports flag -pipe in envvar CFLAGS
configure:12779: gcc -o conftest -Werror -pipe   conftest.c -lm  >&5
configure:12779: $? = 0
configure:12789: result: yes
configure:12768: checking if gcc supports flag -fno-strict-aliasing in envvar CFLAGS
configure:12779: gcc -o conftest -Werror -fno-strict-aliasing   conftest.c -lm  >&5
configure:12779: $? = 0
configure:12789: result: yes
configure:12768: checking if gcc supports flag -ffunction-sections in envvar CFLAGS
configure:12779: gcc -o conftest -Werror -ffunction-sections   conftest.c -lm  >&5
configure:12779: $? = 0
configure:12789: result: yes
configure:12768: checking if gcc supports flag -fdata-sections in envvar CFLAGS
configure:12779: gcc -o conftest -Werror -fdata-sections   conftest.c -lm  >&5
configure:12779: $? = 0
configure:12789: result: yes
configure:12768: checking if gcc supports flag -fno-strict-aliasing in envvar CFLAGS
configure:12789: result: yes
configure:12768: checking if gcc supports flag -fdiagnostics-show-option in envvar CFLAGS
configure:12779: gcc -o conftest -Werror -fdiagnostics-show-option   conftest.c -lm  >&5
configure:12779: $? = 0
configure:12789: result: yes
configure:12768: checking if gcc supports flag -fno-common in envvar CFLAGS
configure:12779: gcc -o conftest -Werror -fno-common   conftest.c -lm  >&5
configure:12779: $? = 0
configure:12789: result: yes
configure:12804: checking for doxygen
configure:12837: result: no
configure:12843: WARNING: doxygen not found - required for documentation
configure:12858: checking whether to build with gcov
configure:12884: result: no
configure:12922: checking for a Python interpreter with version >= 2.6
configure:12939: python -c import sys # split strings by '.' and convert to numeric. Append some zeros # because we need at least 4 digits for the hex conversion. # map returns an iterator in Python 3.0 and a list in 2.x minver = list(map(int, '2.6'.split('.'))) + [0, 0, 0] minverhex = 0 # xrange is not present in Python 3.0 and range returns an iterator for i in list(range(0, 4)): minverhex = (minverhex << 8) + minver[i] sys.exit(sys.hexversion < minverhex)
configure:12942: $? = 0
configure:12948: result: python
configure:12956: checking for python
configure:12974: found /usr/bin/python
configure:12986: result: /usr/bin/python
configure:13004: checking for python version
configure:13011: result: 3.1
configure:13023: checking for python platform
configure:13030: result: linux
configure:13056: checking for python script directory
configure:13091: result: ${prefix}/lib/python3.10/site-packages
configure:13100: checking for python extension module directory
configure:13135: result: ${exec_prefix}/lib/python3.10/site-packages
configure:13150: checking for cat
configure:13168: found /usr/bin/cat
configure:13180: result: /usr/bin/cat
configure:13192: checking for nm
configure:13210: found /usr/bin/nm
configure:13222: result: /usr/bin/nm
configure:13364: checking that generated files are newer than configure
configure:13370: result: done
configure:13421: creating ./config.status

## ---------------------- ##
## Running config.status. ##
## ---------------------- ##

This file was extended by libevdev config.status 1.8.0, which was
generated by GNU Autoconf 2.69.  Invocation command line was

  CONFIG_FILES    = 
  CONFIG_HEADERS  = 
  CONFIG_LINKS    = 
  CONFIG_COMMANDS = 
  $ ./config.status 

on hyperbookszyb

config.status:1134: creating Makefile
config.status:1134: creating libevdev/Makefile
config.status:1134: creating doc/Makefile
config.status:1134: creating doc/libevdev.doxygen
config.status:1134: creating doc/libevdev.man
config.status:1134: creating tools/Makefile
config.status:1134: creating test/Makefile
config.status:1134: creating libevdev.pc
config.status:1134: creating config.h
config.status:1315: config.h is unchanged
config.status:1363: executing depfiles commands
config.status:1440: cd libevdev       && sed -e '/# am--include-marker/d' Makefile         | make -f - am--depfiles
make: Nothing to be done for 'am--depfiles'.
config.status:1445: $? = 0
config.status:1440: cd tools       && sed -e '/# am--include-marker/d' Makefile         | make -f - am--depfiles
make: Nothing to be done for 'am--depfiles'.
config.status:1445: $? = 0
config.status:1440: cd test       && sed -e '/# am--include-marker/d' Makefile         | make -f - am--depfiles
make: Nothing to be done for 'am--depfiles'.
config.status:1445: $? = 0
config.status:1363: executing libtool commands
configure:15582: result:
	       Prefix				/mnt/HDD/Project/Public/inkbox-power-deamon/lib/libevdev/install
	       Libdir				${exec_prefix}/lib

	       Build documentation		no
	       Enable unit-tests		no
	       Enable profiling			no
	       Static library symbol check	yes
	       

## ---------------- ##
## Cache variables. ##
## ---------------- ##

ac_cv_build=x86_64-pc-linux-gnu
ac_cv_c_compiler_gnu=yes
ac_cv_env_CC_set=
ac_cv_env_CC_value=
ac_cv_env_CFLAGS_set=
ac_cv_env_CFLAGS_value=
ac_cv_env_CHECK_CFLAGS_set=
ac_cv_env_CHECK_CFLAGS_value=
ac_cv_env_CHECK_LIBS_set=
ac_cv_env_CHECK_LIBS_value=
ac_cv_env_CPPFLAGS_set=
ac_cv_env_CPPFLAGS_value=
ac_cv_env_CPP_set=
ac_cv_env_CPP_value=
ac_cv_env_LDFLAGS_set=
ac_cv_env_LDFLAGS_value=
ac_cv_env_LIBS_set=
ac_cv_env_LIBS_value=
ac_cv_env_LT_SYS_LIBRARY_PATH_set=
ac_cv_env_LT_SYS_LIBRARY_PATH_value=
ac_cv_env_PKG_CONFIG_LIBDIR_set=
ac_cv_env_PKG_CONFIG_LIBDIR_value=
ac_cv_env_PKG_CONFIG_PATH_set=
ac_cv_env_PKG_CONFIG_PATH_value=
ac_cv_env_PKG_CONFIG_set=
ac_cv_env_PKG_CONFIG_value=
ac_cv_env_PYTHON_set=
ac_cv_env_PYTHON_value=
ac_cv_env_build_alias_set=
ac_cv_env_build_alias_value=
ac_cv_env_host_alias_set=set
ac_cv_env_host_alias_value=armv7l-linux-musleabihf
ac_cv_env_target_alias_set=
ac_cv_env_target_alias_value=
ac_cv_header_dlfcn_h=yes
ac_cv_header_inttypes_h=yes
ac_cv_header_memory_h=yes
ac_cv_header_minix_config_h=no
ac_cv_header_stdc=yes
ac_cv_header_stdint_h=yes
ac_cv_header_stdlib_h=yes
ac_cv_header_string_h=yes
ac_cv_header_strings_h=yes
ac_cv_header_sys_stat_h=yes
ac_cv_header_sys_types_h=yes
ac_cv_header_unistd_h=yes
ac_cv_host=armv7l-unknown-linux-musleabihf
ac_cv_lib_m_round=yes
ac_cv_objext=o
ac_cv_path_CAT=/usr/bin/cat
ac_cv_path_EGREP='/usr/bin/grep -E'
ac_cv_path_FGREP='/usr/bin/grep -F'
ac_cv_path_GREP=/usr/bin/grep
ac_cv_path_NM=/usr/bin/nm
ac_cv_path_PYTHON=/usr/bin/python
ac_cv_path_SED=/usr/bin/sed
ac_cv_path_ac_pt_PKG_CONFIG=/usr/bin/pkg-config
ac_cv_path_install='/usr/bin/install -c'
ac_cv_path_lt_DD=/usr/bin/dd
ac_cv_path_mkdir=/usr/bin/mkdir
ac_cv_prog_AWK=gawk
ac_cv_prog_CPP='gcc -E'
ac_cv_prog_ac_ct_AR=ar
ac_cv_prog_ac_ct_CC=gcc
ac_cv_prog_ac_ct_DUMPBIN='link -dump'
ac_cv_prog_ac_ct_OBJDUMP=objdump
ac_cv_prog_ac_ct_RANLIB=ranlib
ac_cv_prog_ac_ct_STRIP=strip
ac_cv_prog_cc_c89=
ac_cv_prog_cc_c99=
ac_cv_prog_cc_g=yes
ac_cv_prog_make_make_set=yes
ac_cv_safe_to_define___extensions__=yes
am_cv_CC_dependencies_compiler_type=gcc3
am_cv_make_support_nested_variables=yes
am_cv_pathless_PYTHON=python
am_cv_prog_cc_c_o=yes
am_cv_python_platform=linux
am_cv_python_pyexecdir='${exec_prefix}/lib/python3.10/site-packages'
am_cv_python_pythondir='${prefix}/lib/python3.10/site-packages'
am_cv_python_version=3.1
cc_cv_CFLAGS__Wall=yes
cc_cv_CFLAGS__Wextra=yes
cc_cv_CFLAGS__Wmissing_prototypes=yes
cc_cv_CFLAGS__Wno_unused_parameter=yes
cc_cv_CFLAGS__Wstrict_prototypes=yes
cc_cv_CFLAGS__fdata_sections=yes
cc_cv_CFLAGS__fdiagnostics_show_option=yes
cc_cv_CFLAGS__ffunction_sections=yes
cc_cv_CFLAGS__fno_common=yes
cc_cv_CFLAGS__fno_strict_aliasing=yes
cc_cv_CFLAGS__fvisibility_hidden=yes
cc_cv_CFLAGS__pipe=yes
cc_cv_LDFLAGS__Wl___as_needed=yes
cc_cv_LDFLAGS__Wl___gc_sections=yes
cc_cv_LDFLAGS__Wl__z_now=yes
cc_cv_LDFLAGS__Wl__z_relro=yes
lt_cv_ar_at_file=@
lt_cv_archive_cmds_need_lc=no
lt_cv_deplibs_check_method=pass_all
lt_cv_file_magic_cmd='$MAGIC_CMD'
lt_cv_file_magic_test_file=
lt_cv_ld_reload_flag=-r
lt_cv_nm_interface='BSD nm'
lt_cv_objdir=.libs
lt_cv_path_LD=/usr/bin/ld
lt_cv_path_NM=no
lt_cv_path_mainfest_tool=no
lt_cv_prog_compiler_c_o=yes
lt_cv_prog_compiler_pic='-fPIC -DPIC'
lt_cv_prog_compiler_pic_works=yes
lt_cv_prog_compiler_rtti_exceptions=no
lt_cv_prog_compiler_static_works=yes
lt_cv_prog_gnu_ld=yes
lt_cv_sharedlib_from_linklib_cmd='printf %s\n'
lt_cv_shlibpath_overrides_runpath=no
lt_cv_sys_global_symbol_pipe='sed -n -e '\''s/^.*[	 ]\([ABCDGIRSTW][ABCDGIRSTW]*\)[	 ][	 ]*\([_A-Za-z][_A-Za-z0-9]*\)$/\1 \2 \2/p'\'' | sed '\''/ __gnu_lto/d'\'''
lt_cv_sys_global_symbol_to_c_name_address='sed -n -e '\''s/^: \(.*\) .*$/  {"\1", (void *) 0},/p'\'' -e '\''s/^[ABCDGIRSTW][ABCDGIRSTW]* .* \(.*\)$/  {"\1", (void *) \&\1},/p'\'''
lt_cv_sys_global_symbol_to_c_name_address_lib_prefix='sed -n -e '\''s/^: \(.*\) .*$/  {"\1", (void *) 0},/p'\'' -e '\''s/^[ABCDGIRSTW][ABCDGIRSTW]* .* \(lib.*\)$/  {"\1", (void *) \&\1},/p'\'' -e '\''s/^[ABCDGIRSTW][ABCDGIRSTW]* .* \(.*\)$/  {"lib\1", (void *) \&\1},/p'\'''
lt_cv_sys_global_symbol_to_cdecl='sed -n -e '\''s/^T .* \(.*\)$/extern int \1();/p'\'' -e '\''s/^[ABCDGIRSTW][ABCDGIRSTW]* .* \(.*\)$/extern char \1;/p'\'''
lt_cv_sys_global_symbol_to_import=
lt_cv_sys_max_cmd_len=1572864
lt_cv_to_host_file_cmd=func_convert_file_noop
lt_cv_to_tool_file_cmd=func_convert_file_noop
lt_cv_truncate_bin='/usr/bin/dd bs=4096 count=1'

## ----------------- ##
## Output variables. ##
## ----------------- ##

ACLOCAL='${SHELL} /mnt/HDD/Project/Public/inkbox-power-deamon/lib/libevdev-1.8.0/build-aux/missing aclocal-1.16'
AMDEPBACKSLASH='\'
AMDEP_FALSE='#'
AMDEP_TRUE=''
AMTAR='$${TAR-tar}'
AM_BACKSLASH='\'
AM_DEFAULT_V='$(AM_DEFAULT_VERBOSITY)'
AM_DEFAULT_VERBOSITY='0'
AM_V='$(V)'
AR='ar'
AUTOCONF='${SHELL} /mnt/HDD/Project/Public/inkbox-power-deamon/lib/libevdev-1.8.0/build-aux/missing autoconf'
AUTOHEADER='${SHELL} /mnt/HDD/Project/Public/inkbox-power-deamon/lib/libevdev-1.8.0/build-aux/missing autoheader'
AUTOMAKE='${SHELL} /mnt/HDD/Project/Public/inkbox-power-deamon/lib/libevdev-1.8.0/build-aux/missing automake-1.16'
AWK='gawk'
CAT='/usr/bin/cat'
CC='gcc'
CCDEPMODE='depmode=gcc3'
CFLAGS='-g -O2'
CHECK_CFLAGS=''
CHECK_LIBS=''
CPP='gcc -E'
CPPFLAGS=''
CYGPATH_W='echo'
DEFS='-DHAVE_CONFIG_H'
DEPDIR='.deps'
DLLTOOL='false'
DOXYGEN=''
DSYMUTIL=''
DUMPBIN=':'
ECHO_C=''
ECHO_N='-n'
ECHO_T=''
EGREP='/usr/bin/grep -E'
ENABLE_RUNTIME_TESTS_FALSE=''
ENABLE_RUNTIME_TESTS_TRUE='#'
ENABLE_STATIC_LINK_TEST_FALSE='#'
ENABLE_STATIC_LINK_TEST_TRUE=''
ENABLE_STATIC_SYMBOL_LEAKS_TEST_FALSE='#'
ENABLE_STATIC_SYMBOL_LEAKS_TEST_TRUE=''
EXEEXT=''
FGREP='/usr/bin/grep -F'
GCC_CFLAGS=' -Wall -Wextra -Wno-unused-parameter -Wstrict-prototypes -Wmissing-prototypes -fvisibility=hidden -pipe -fno-strict-aliasing -ffunction-sections -fdata-sections -fno-strict-aliasing -fdiagnostics-show-option -fno-common'
GCOV_CFLAGS=''
GCOV_ENABLED_FALSE=''
GCOV_ENABLED_TRUE='#'
GCOV_LDFLAGS=''
GNU_LD_FLAGS=' -Wl,--as-needed -Wl,--gc-sections -Wl,-z,relro -Wl,-z,now'
GREP='/usr/bin/grep'
HAVE_DOXYGEN_FALSE=''
HAVE_DOXYGEN_TRUE='#'
HAVE_NM_FALSE='#'
HAVE_NM_TRUE=''
HAVE_VALGRIND_FALSE=''
HAVE_VALGRIND_TRUE='#'
INSTALL_DATA='${INSTALL} -m 644'
INSTALL_PROGRAM='${INSTALL}'
INSTALL_SCRIPT='${INSTALL}'
INSTALL_STRIP_PROGRAM='$(install_sh) -c -s'
LD='/usr/bin/ld'
LDFLAGS=''
LIBEVDEV_LT_VERSION='5:0:3'
LIBOBJS=''
LIBS='-lm '
LIBTOOL='$(SHELL) $(top_builddir)/libtool'
LIPO=''
LN_S='ln -s'
LTLIBOBJS=''
LT_SYS_LIBRARY_PATH=''
MAKEINFO='${SHELL} /mnt/HDD/Project/Public/inkbox-power-deamon/lib/libevdev-1.8.0/build-aux/missing makeinfo'
MANIFEST_TOOL=':'
MKDIR_P='/usr/bin/mkdir -p'
NM='/usr/bin/nm'
NMEDIT=''
OBJDUMP='objdump'
OBJEXT='o'
OTOOL64=''
OTOOL=''
PACKAGE='libevdev'
PACKAGE_BUGREPORT='https://bugs.freedesktop.org/enter_bug.cgi?product=libevdev'
PACKAGE_NAME='libevdev'
PACKAGE_STRING='libevdev 1.8.0'
PACKAGE_TARNAME='libevdev'
PACKAGE_URL='http://freedesktop.org/wiki/Software/libevdev/'
PACKAGE_VERSION='1.8.0'
PATH_SEPARATOR=':'
PKG_CONFIG='/usr/bin/pkg-config'
PKG_CONFIG_LIBDIR=''
PKG_CONFIG_PATH=''
PYTHON='/usr/bin/python'
PYTHON_EXEC_PREFIX='${exec_prefix}'
PYTHON_PLATFORM='linux'
PYTHON_PREFIX='${prefix}'
PYTHON_VERSION='3.1'
RANLIB='ranlib'
SED='/usr/bin/sed'
SET_MAKE=''
SHELL='/bin/sh'
STRIP='strip'
VALGRIND=''
VERSION='1.8.0'
ac_ct_AR='ar'
ac_ct_CC='gcc'
ac_ct_DUMPBIN='link -dump'
am__EXEEXT_FALSE=''
am__EXEEXT_TRUE='#'
am__fastdepCC_FALSE='#'
am__fastdepCC_TRUE=''
am__include='include'
am__isrc=''
am__leading_dot='.'
am__nodep='_no'
am__quote=''
am__tar='$${TAR-tar} chof - "$$tardir"'
am__untar='$${TAR-tar} xf -'
bindir='${exec_prefix}/bin'
build='x86_64-pc-linux-gnu'
build_alias=''
build_cpu='x86_64'
build_os='linux-gnu'
build_vendor='pc'
datadir='${datarootdir}'
datarootdir='${prefix}/share'
docdir='${datarootdir}/doc/${PACKAGE_TARNAME}'
dvidir='${docdir}'
exec_prefix='${prefix}'
host='armv7l-unknown-linux-musleabihf'
host_alias='armv7l-linux-musleabihf'
host_cpu='armv7l'
host_os='linux-musleabihf'
host_vendor='unknown'
htmldir='${docdir}'
includedir='${prefix}/include'
infodir='${datarootdir}/info'
install_sh='${SHELL} /mnt/HDD/Project/Public/inkbox-power-deamon/lib/libevdev-1.8.0/build-aux/install-sh'
libdir='${exec_prefix}/lib'
libexecdir='${exec_prefix}/libexec'
localedir='${datarootdir}/locale'
localstatedir='${prefix}/var'
mandir='${datarootdir}/man'
mkdir_p='$(MKDIR_P)'
oldincludedir='/usr/include'
pdfdir='${docdir}'
pkgpyexecdir='${pyexecdir}/libevdev'
pkgpythondir='${pythondir}/libevdev'
prefix='/mnt/HDD/Project/Public/inkbox-power-deamon/lib/libevdev/install'
program_transform_name='s,x,x,'
psdir='${docdir}'
pyexecdir='${exec_prefix}/lib/python3.10/site-packages'
pythondir='${prefix}/lib/python3.10/site-packages'
sbindir='${exec_prefix}/sbin'
sharedstatedir='${prefix}/com'
sysconfdir='${prefix}/etc'
target_alias=''

## ----------- ##
## confdefs.h. ##
## ----------- ##

/* confdefs.h */
#define PACKAGE_NAME "libevdev"
#define PACKAGE_TARNAME "libevdev"
#define PACKAGE_VERSION "1.8.0"
#define PACKAGE_STRING "libevdev 1.8.0"
#define PACKAGE_BUGREPORT "https://bugs.freedesktop.org/enter_bug.cgi?product=libevdev"
#define PACKAGE_URL "http://freedesktop.org/wiki/Software/libevdev/"
#define STDC_HEADERS 1
#define HAVE_SYS_TYPES_H 1
#define HAVE_SYS_STAT_H 1
#define HAVE_STDLIB_H 1
#define HAVE_STRING_H 1
#define HAVE_MEMORY_H 1
#define HAVE_STRINGS_H 1
#define HAVE_INTTYPES_H 1
#define HAVE_STDINT_H 1
#define HAVE_UNISTD_H 1
#define __EXTENSIONS__ 1
#define _ALL_SOURCE 1
#define _GNU_SOURCE 1
#define _POSIX_PTHREAD_SEMANTICS 1
#define _TANDEM_SOURCE 1
#define PACKAGE "libevdev"
#define VERSION "1.8.0"
#define HAVE_DLFCN_H 1
#define LT_OBJDIR ".libs/"
#define HAVE_LIBM 1

configure: exit 0
