This file contains any messages produced by compilers while
running configure, to aid debugging if configure makes a mistake.

It was created by libevdev configure 1.12.0, which was
generated by GNU Autoconf 2.69.  Invocation command line was

  $ ./configure --host=armv7l-linux-musleabihf --prefix=/mnt/HDD/Project/Public/inkbox-power-deamon/lib/libevdev/install

## --------- ##
## Platform. ##
## --------- ##

hostname = hyperbookszyb
uname -m = x86_64
uname -r = 5.15.48-1-lts
uname -s = Linux
uname -v = #1 SMP Thu, 16 Jun 2022 13:32:35 +0000

/usr/bin/uname -p = unknown
/bin/uname -X     = unknown

/bin/arch              = unknown
/usr/bin/arch -k       = unknown
/usr/convex/getsysinfo = unknown
/usr/bin/hostinfo      = unknown
/bin/machine           = unknown
/usr/bin/oslevel       = unknown
/bin/universe          = unknown

PATH: /home/szybet/.local/bin
PATH: /usr/local/bin
PATH: /usr/bin
PATH: /bin
PATH: /usr/local/sbin
PATH: /usr/bin/site_perl
PATH: /usr/bin/vendor_perl
PATH: /usr/bin/core_perl
PATH: /home/build/inkbox/kernel/toolchain/armv7l-linux-musleabihf-cross/
PATH: /home/build/inkbox/kernel/toolchain/armv7l-linux-musleabihf-cross/
PATH: /home/build/inkbox/kernel/toolchain/armv7l-linux-musleabihf-cross/bin


## ----------- ##
## Core tests. ##
## ----------- ##

configure:2329: checking for armv7l-linux-musleabihf-gcc
configure:2345: found /home/build/inkbox/kernel/toolchain/armv7l-linux-musleabihf-cross/bin/armv7l-linux-musleabihf-gcc
configure:2356: result: armv7l-linux-musleabihf-gcc
configure:2625: checking for C compiler version
configure:2634: armv7l-linux-musleabihf-gcc --version >&5
armv7l-linux-musleabihf-gcc (GCC) 10.2.1 20210227
Copyright (C) 2020 Free Software Foundation, Inc.
This is free software; see the source for copying conditions.  There is NO
warranty; not even for MERCHANTABILITY or FITNESS FOR A PARTICULAR PURPOSE.

configure:2645: $? = 0
configure:2634: armv7l-linux-musleabihf-gcc -v >&5
Using built-in specs.
COLLECT_GCC=armv7l-linux-musleabihf-gcc
COLLECT_LTO_WRAPPER=/mnt/HDD/Project/Public/emu-new/out/kernel/toolchain/armv7l-linux-musleabihf-cross/bin/../libexec/gcc/armv7l-linux-musleabihf/10.2.1/lto-wrapper
Target: armv7l-linux-musleabihf
Configured with: ../src_gcc/configure --enable-languages=c,c++,fortran --with-float=hard CC='gcc -static --static' CXX='g++ -static --static' FC='gfortran -static --static' CFLAGS='-g0 -O2 -fno-align-functions -fno-align-jumps -fno-align-loops -fno-align-labels -Wno-error' CXXFLAGS='-g0 -O2 -fno-align-functions -fno-align-jumps -fno-align-loops -fno-align-labels -Wno-error' FFLAGS='-g0 -O2 -fno-align-functions -fno-align-jumps -fno-align-loops -fno-align-labels -Wno-error' LDFLAGS='-s -static --static' --enable-default-pie --enable-static-pie --disable-bootstrap --disable-assembly --disable-werror --target=armv7l-linux-musleabihf --prefix= --libdir=/lib --disable-multilib --with-sysroot=/armv7l-linux-musleabihf --enable-tls --disable-libmudflap --disable-libsanitizer --disable-gnu-indirect-function --disable-libmpx --enable-libstdcxx-time=rt --enable-deterministic-archives --enable-libstdcxx-time --enable-libquadmath --enable-libquadmath-support --disable-decimal-float --with-build-sysroot=/tmp/m1032/build/local/armv7l-linux-musleabihf/obj_sysroot AR_FOR_TARGET=/tmp/m1032/build/local/armv7l-linux-musleabihf/obj_binutils/binutils/ar AS_FOR_TARGET=/tmp/m1032/build/local/armv7l-linux-musleabihf/obj_binutils/gas/as-new LD_FOR_TARGET=/tmp/m1032/build/local/armv7l-linux-musleabihf/obj_binutils/ld/ld-new NM_FOR_TARGET=/tmp/m1032/build/local/armv7l-linux-musleabihf/obj_binutils/binutils/nm-new OBJCOPY_FOR_TARGET=/tmp/m1032/build/local/armv7l-linux-musleabihf/obj_binutils/binutils/objcopy OBJDUMP_FOR_TARGET=/tmp/m1032/build/local/armv7l-linux-musleabihf/obj_binutils/binutils/objdump RANLIB_FOR_TARGET=/tmp/m1032/build/local/armv7l-linux-musleabihf/obj_binutils/binutils/ranlib READELF_FOR_TARGET=/tmp/m1032/build/local/armv7l-linux-musleabihf/obj_binutils/binutils/readelf STRIP_FOR_TARGET=/tmp/m1032/build/local/armv7l-linux-musleabihf/obj_binutils/binutils/strip-new --build=x86_64-pc-linux-gnu --host=x86_64-pc-linux-gnu 'CC_FOR_BUILD=cc -static --static' 'CXX_FOR_BUILD=g++ -static --static'
Thread model: posix
Supported LTO compression algorithms: zlib
gcc version 10.2.1 20210227 (GCC) 
configure:2645: $? = 0
configure:2634: armv7l-linux-musleabihf-gcc -V >&5
armv7l-linux-musleabihf-gcc: error: unrecognized command-line option '-V'
armv7l-linux-musleabihf-gcc: fatal error: no input files
compilation terminated.
configure:2645: $? = 1
configure:2634: armv7l-linux-musleabihf-gcc -qversion >&5
armv7l-linux-musleabihf-gcc: error: unrecognized command-line option '-qversion'; did you mean '--version'?
armv7l-linux-musleabihf-gcc: fatal error: no input files
compilation terminated.
configure:2645: $? = 1
configure:2665: checking whether the C compiler works
configure:2687: armv7l-linux-musleabihf-gcc    conftest.c  >&5
configure:2691: $? = 0
configure:2739: result: yes
configure:2742: checking for C compiler default output file name
configure:2744: result: a.out
configure:2750: checking for suffix of executables
configure:2757: armv7l-linux-musleabihf-gcc -o conftest    conftest.c  >&5
configure:2761: $? = 0
configure:2783: result: 
configure:2805: checking whether we are cross compiling
configure:2813: armv7l-linux-musleabihf-gcc -o conftest    conftest.c  >&5
configure:2817: $? = 0
configure:2824: ./conftest
./configure: line 2826: ./conftest: cannot execute binary file: Exec format error
configure:2828: $? = 126
configure:2843: result: yes
configure:2848: checking for suffix of object files
configure:2870: armv7l-linux-musleabihf-gcc -c   conftest.c >&5
configure:2874: $? = 0
configure:2895: result: o
configure:2899: checking whether we are using the GNU C compiler
configure:2918: armv7l-linux-musleabihf-gcc -c   conftest.c >&5
configure:2918: $? = 0
configure:2927: result: yes
configure:2936: checking whether armv7l-linux-musleabihf-gcc accepts -g
configure:2956: armv7l-linux-musleabihf-gcc -c -g  conftest.c >&5
configure:2956: $? = 0
configure:2997: result: yes
configure:3014: checking for armv7l-linux-musleabihf-gcc option to accept ISO C89
configure:3077: armv7l-linux-musleabihf-gcc  -c -g -O2  conftest.c >&5
configure:3077: $? = 0
configure:3090: result: none needed
configure:3115: checking whether armv7l-linux-musleabihf-gcc understands -c and -o together
configure:3137: armv7l-linux-musleabihf-gcc -c conftest.c -o conftest2.o
configure:3140: $? = 0
configure:3137: armv7l-linux-musleabihf-gcc -c conftest.c -o conftest2.o
configure:3140: $? = 0
configure:3152: result: yes
configure:3175: checking how to run the C preprocessor
configure:3206: armv7l-linux-musleabihf-gcc -E  conftest.c
configure:3206: $? = 0
configure:3220: armv7l-linux-musleabihf-gcc -E  conftest.c
conftest.c:9:10: fatal error: ac_nonexistent.h: No such file or directory
    9 | #include <ac_nonexistent.h>
      |          ^~~~~~~~~~~~~~~~~~
compilation terminated.
configure:3220: $? = 1
configure: failed program was:
| /* confdefs.h */
| #define PACKAGE_NAME "libevdev"
| #define PACKAGE_TARNAME "libevdev"
| #define PACKAGE_VERSION "1.12.0"
| #define PACKAGE_STRING "libevdev 1.12.0"
| #define PACKAGE_BUGREPORT "https://bugs.freedesktop.org/enter_bug.cgi?product=libevdev"
| #define PACKAGE_URL "http://freedesktop.org/wiki/Software/libevdev/"
| /* end confdefs.h.  */
| #include <ac_nonexistent.h>
configure:3245: result: armv7l-linux-musleabihf-gcc -E
configure:3265: armv7l-linux-musleabihf-gcc -E  conftest.c
configure:3265: $? = 0
configure:3279: armv7l-linux-musleabihf-gcc -E  conftest.c
conftest.c:9:10: fatal error: ac_nonexistent.h: No such file or directory
    9 | #include <ac_nonexistent.h>
      |          ^~~~~~~~~~~~~~~~~~
compilation terminated.
configure:3279: $? = 1
configure: failed program was:
| /* confdefs.h */
| #define PACKAGE_NAME "libevdev"
| #define PACKAGE_TARNAME "libevdev"
| #define PACKAGE_VERSION "1.12.0"
| #define PACKAGE_STRING "libevdev 1.12.0"
| #define PACKAGE_BUGREPORT "https://bugs.freedesktop.org/enter_bug.cgi?product=libevdev"
| #define PACKAGE_URL "http://freedesktop.org/wiki/Software/libevdev/"
| /* end confdefs.h.  */
| #include <ac_nonexistent.h>
configure:3308: checking for grep that handles long lines and -e
configure:3366: result: /usr/bin/grep
configure:3371: checking for egrep
configure:3433: result: /usr/bin/grep -E
configure:3438: checking for ANSI C header files
configure:3458: armv7l-linux-musleabihf-gcc -c -g -O2  conftest.c >&5
configure:3458: $? = 0
configure:3542: result: yes
configure:3555: checking for sys/types.h
configure:3555: armv7l-linux-musleabihf-gcc -c -g -O2  conftest.c >&5
configure:3555: $? = 0
configure:3555: result: yes
configure:3555: checking for sys/stat.h
configure:3555: armv7l-linux-musleabihf-gcc -c -g -O2  conftest.c >&5
configure:3555: $? = 0
configure:3555: result: yes
configure:3555: checking for stdlib.h
configure:3555: armv7l-linux-musleabihf-gcc -c -g -O2  conftest.c >&5
configure:3555: $? = 0
configure:3555: result: yes
configure:3555: checking for string.h
configure:3555: armv7l-linux-musleabihf-gcc -c -g -O2  conftest.c >&5
configure:3555: $? = 0
configure:3555: result: yes
configure:3555: checking for memory.h
configure:3555: armv7l-linux-musleabihf-gcc -c -g -O2  conftest.c >&5
configure:3555: $? = 0
configure:3555: result: yes
configure:3555: checking for strings.h
configure:3555: armv7l-linux-musleabihf-gcc -c -g -O2  conftest.c >&5
configure:3555: $? = 0
configure:3555: result: yes
configure:3555: checking for inttypes.h
configure:3555: armv7l-linux-musleabihf-gcc -c -g -O2  conftest.c >&5
configure:3555: $? = 0
configure:3555: result: yes
configure:3555: checking for stdint.h
configure:3555: armv7l-linux-musleabihf-gcc -c -g -O2  conftest.c >&5
configure:3555: $? = 0
configure:3555: result: yes
configure:3555: checking for unistd.h
configure:3555: armv7l-linux-musleabihf-gcc -c -g -O2  conftest.c >&5
configure:3555: $? = 0
configure:3555: result: yes
configure:3568: checking minix/config.h usability
configure:3568: armv7l-linux-musleabihf-gcc -c -g -O2  conftest.c >&5
conftest.c:52:10: fatal error: minix/config.h: No such file or directory
   52 | #include <minix/config.h>
      |          ^~~~~~~~~~~~~~~~
compilation terminated.
configure:3568: $? = 1
configure: failed program was:
| /* confdefs.h */
| #define PACKAGE_NAME "libevdev"
| #define PACKAGE_TARNAME "libevdev"
| #define PACKAGE_VERSION "1.12.0"
| #define PACKAGE_STRING "libevdev 1.12.0"
| #define PACKAGE_BUGREPORT "https://bugs.freedesktop.org/enter_bug.cgi?product=libevdev"
| #define PACKAGE_URL "http://freedesktop.org/wiki/Software/libevdev/"
| #define STDC_HEADERS 1
| #define HAVE_SYS_TYPES_H 1
| #define HAVE_SYS_STAT_H 1
| #define HAVE_STDLIB_H 1
| #define HAVE_STRING_H 1
| #define HAVE_MEMORY_H 1
| #define HAVE_STRINGS_H 1
| #define HAVE_INTTYPES_H 1
| #define HAVE_STDINT_H 1
| #define HAVE_UNISTD_H 1
| /* end confdefs.h.  */
| #include <stdio.h>
| #ifdef HAVE_SYS_TYPES_H
| # include <sys/types.h>
| #endif
| #ifdef HAVE_SYS_STAT_H
| # include <sys/stat.h>
| #endif
| #ifdef STDC_HEADERS
| # include <stdlib.h>
| # include <stddef.h>
| #else
| # ifdef HAVE_STDLIB_H
| #  include <stdlib.h>
| # endif
| #endif
| #ifdef HAVE_STRING_H
| # if !defined STDC_HEADERS && defined HAVE_MEMORY_H
| #  include <memory.h>
| # endif
| # include <string.h>
| #endif
| #ifdef HAVE_STRINGS_H
| # include <strings.h>
| #endif
| #ifdef HAVE_INTTYPES_H
| # include <inttypes.h>
| #endif
| #ifdef HAVE_STDINT_H
| # include <stdint.h>
| #endif
| #ifdef HAVE_UNISTD_H
| # include <unistd.h>
| #endif
| #include <minix/config.h>
configure:3568: result: no
configure:3568: checking minix/config.h presence
configure:3568: armv7l-linux-musleabihf-gcc -E  conftest.c
conftest.c:19:10: fatal error: minix/config.h: No such file or directory
   19 | #include <minix/config.h>
      |          ^~~~~~~~~~~~~~~~
compilation terminated.
configure:3568: $? = 1
configure: failed program was:
| /* confdefs.h */
| #define PACKAGE_NAME "libevdev"
| #define PACKAGE_TARNAME "libevdev"
| #define PACKAGE_VERSION "1.12.0"
| #define PACKAGE_STRING "libevdev 1.12.0"
| #define PACKAGE_BUGREPORT "https://bugs.freedesktop.org/enter_bug.cgi?product=libevdev"
| #define PACKAGE_URL "http://freedesktop.org/wiki/Software/libevdev/"
| #define STDC_HEADERS 1
| #define HAVE_SYS_TYPES_H 1
| #define HAVE_SYS_STAT_H 1
| #define HAVE_STDLIB_H 1
| #define HAVE_STRING_H 1
| #define HAVE_MEMORY_H 1
| #define HAVE_STRINGS_H 1
| #define HAVE_INTTYPES_H 1
| #define HAVE_STDINT_H 1
| #define HAVE_UNISTD_H 1
| /* end confdefs.h.  */
| #include <minix/config.h>
configure:3568: result: no
configure:3568: checking for minix/config.h
configure:3568: result: no
configure:3589: checking whether it is safe to define __EXTENSIONS__
configure:3607: armv7l-linux-musleabihf-gcc -c -g -O2  conftest.c >&5
configure:3607: $? = 0
configure:3614: result: yes
configure:3645: checking for a BSD-compatible install
configure:3713: result: /usr/bin/install -c
configure:3724: checking whether build environment is sane
configure:3779: result: yes
configure:3835: checking for armv7l-linux-musleabihf-strip
configure:3851: found /home/build/inkbox/kernel/toolchain/armv7l-linux-musleabihf-cross/bin/armv7l-linux-musleabihf-strip
configure:3862: result: armv7l-linux-musleabihf-strip
configure:3927: checking for a thread-safe mkdir -p
configure:3966: result: /usr/bin/mkdir -p
configure:3973: checking for gawk
configure:3989: found /usr/bin/gawk
configure:4000: result: gawk
configure:4011: checking whether make sets $(MAKE)
configure:4033: result: yes
configure:4055: checking whether make supports the include directive
configure:4070: make -f confmf.GNU && cat confinc.out
this is the am__doit target
configure:4073: $? = 0
configure:4092: result: yes (GNU style)
configure:4125: checking whether make supports nested variables
configure:4142: result: yes
configure:4227: checking dependency style of armv7l-linux-musleabihf-gcc
configure:4338: result: gcc3
configure:4414: checking whether make supports nested variables
configure:4431: result: yes
configure:4444: checking for armv7l-linux-musleabihf-gcc option to accept ISO C99
configure:4593: armv7l-linux-musleabihf-gcc  -c -g -O2  conftest.c >&5
configure:4593: $? = 0
configure:4606: result: none needed
configure:4653: checking build system type
configure:4667: result: x86_64-pc-linux-gnu
configure:4687: checking host system type
configure:4700: result: armv7l-unknown-linux-musleabihf
configure:4741: checking how to print strings
configure:4768: result: printf
configure:4789: checking for a sed that does not truncate output
configure:4853: result: /usr/bin/sed
configure:4871: checking for fgrep
configure:4933: result: /usr/bin/grep -F
configure:4968: checking for ld used by armv7l-linux-musleabihf-gcc
configure:5035: result: /mnt/HDD/Project/Public/emu-new/out/kernel/toolchain/armv7l-linux-musleabihf-cross/armv7l-linux-musleabihf/bin/ld
configure:5042: checking if the linker (/mnt/HDD/Project/Public/emu-new/out/kernel/toolchain/armv7l-linux-musleabihf-cross/armv7l-linux-musleabihf/bin/ld) is GNU ld
configure:5057: result: yes
configure:5069: checking for BSD- or MS-compatible name lister (nm)
configure:5123: result: /home/build/inkbox/kernel/toolchain/armv7l-linux-musleabihf-cross/bin/armv7l-linux-musleabihf-nm -B
configure:5253: checking the name lister (/home/build/inkbox/kernel/toolchain/armv7l-linux-musleabihf-cross/bin/armv7l-linux-musleabihf-nm -B) interface
configure:5260: armv7l-linux-musleabihf-gcc -c -g -O2  conftest.c >&5
configure:5263: /home/build/inkbox/kernel/toolchain/armv7l-linux-musleabihf-cross/bin/armv7l-linux-musleabihf-nm -B "conftest.o"
configure:5266: output
00000000 B some_variable
configure:5273: result: BSD nm
configure:5276: checking whether ln -s works
configure:5280: result: yes
configure:5288: checking the maximum length of command line arguments
configure:5419: result: 1572864
configure:5467: checking how to convert x86_64-pc-linux-gnu file names to armv7l-unknown-linux-musleabihf format
configure:5507: result: func_convert_file_noop
configure:5514: checking how to convert x86_64-pc-linux-gnu file names to toolchain format
configure:5534: result: func_convert_file_noop
configure:5541: checking for /mnt/HDD/Project/Public/emu-new/out/kernel/toolchain/armv7l-linux-musleabihf-cross/armv7l-linux-musleabihf/bin/ld option to reload object files
configure:5548: result: -r
configure:5582: checking for armv7l-linux-musleabihf-objdump
configure:5598: found /home/build/inkbox/kernel/toolchain/armv7l-linux-musleabihf-cross/bin/armv7l-linux-musleabihf-objdump
configure:5609: result: armv7l-linux-musleabihf-objdump
configure:5681: checking how to recognize dependent libraries
configure:5881: result: pass_all
configure:5926: checking for armv7l-linux-musleabihf-dlltool
configure:5956: result: no
configure:5966: checking for dlltool
configure:5996: result: no
configure:6026: checking how to associate runtime and link libraries
configure:6053: result: printf %s\n
configure:6069: checking for armv7l-linux-musleabihf-ar
configure:6085: found /home/build/inkbox/kernel/toolchain/armv7l-linux-musleabihf-cross/bin/armv7l-linux-musleabihf-ar
configure:6096: result: armv7l-linux-musleabihf-ar
configure:6177: checking for archiver @FILE support
configure:6194: armv7l-linux-musleabihf-gcc -c -g -O2  conftest.c >&5
configure:6194: $? = 0
configure:6197: armv7l-linux-musleabihf-ar cru libconftest.a @conftest.lst >&5
armv7l-linux-musleabihf-ar: `u' modifier ignored since `D' is the default (see `U')
configure:6200: $? = 0
configure:6205: armv7l-linux-musleabihf-ar cru libconftest.a @conftest.lst >&5
armv7l-linux-musleabihf-ar: `u' modifier ignored since `D' is the default (see `U')
armv7l-linux-musleabihf-ar: conftest.o: No such file or directory
configure:6208: $? = 1
configure:6220: result: @
configure:6238: checking for armv7l-linux-musleabihf-strip
configure:6265: result: armv7l-linux-musleabihf-strip
configure:6337: checking for armv7l-linux-musleabihf-ranlib
configure:6353: found /home/build/inkbox/kernel/toolchain/armv7l-linux-musleabihf-cross/bin/armv7l-linux-musleabihf-ranlib
configure:6364: result: armv7l-linux-musleabihf-ranlib
configure:6506: checking command to parse /home/build/inkbox/kernel/toolchain/armv7l-linux-musleabihf-cross/bin/armv7l-linux-musleabihf-nm -B output from armv7l-linux-musleabihf-gcc object
configure:6659: armv7l-linux-musleabihf-gcc -c -g -O2  conftest.c >&5
configure:6662: $? = 0
configure:6666: /home/build/inkbox/kernel/toolchain/armv7l-linux-musleabihf-cross/bin/armv7l-linux-musleabihf-nm -B conftest.o \| sed -n -e 's/^.*[ ]\([ABCDGIRSTW][ABCDGIRSTW]*\)[ ][ ]*\([_A-Za-z][_A-Za-z0-9]*\)$/\1 \2 \2/p' | sed '/ __gnu_lto/d' \> conftest.nm
configure:6669: $? = 0
configure:6735: armv7l-linux-musleabihf-gcc -o conftest -g -O2   conftest.c conftstm.o >&5
configure:6738: $? = 0
configure:6776: result: ok
configure:6823: checking for sysroot
configure:6853: result: no
configure:6860: checking for a working dd
configure:6898: result: /usr/bin/dd
configure:6902: checking how to truncate binary pipes
configure:6917: result: /usr/bin/dd bs=4096 count=1
configure:7206: checking for armv7l-linux-musleabihf-mt
configure:7236: result: no
configure:7246: checking for mt
configure:7276: result: no
configure:7296: checking if : is a manifest tool
configure:7302: : '-?'
configure:7310: result: no
configure:7984: checking for dlfcn.h
configure:7984: armv7l-linux-musleabihf-gcc -c -g -O2  conftest.c >&5
configure:7984: $? = 0
configure:7984: result: yes
configure:8240: checking for objdir
configure:8255: result: .libs
configure:8519: checking if armv7l-linux-musleabihf-gcc supports -fno-rtti -fno-exceptions
configure:8537: armv7l-linux-musleabihf-gcc -c -g -O2  -fno-rtti -fno-exceptions conftest.c >&5
cc1: warning: command-line option '-fno-rtti' is valid for C++/D/ObjC++ but not for C
configure:8541: $? = 0
configure:8554: result: no
configure:8912: checking for armv7l-linux-musleabihf-gcc option to produce PIC
configure:8919: result: -fPIC -DPIC
configure:8927: checking if armv7l-linux-musleabihf-gcc PIC flag -fPIC -DPIC works
configure:8945: armv7l-linux-musleabihf-gcc -c -g -O2  -fPIC -DPIC -DPIC conftest.c >&5
configure:8949: $? = 0
configure:8962: result: yes
configure:8991: checking if armv7l-linux-musleabihf-gcc static flag -static works
configure:9019: result: yes
configure:9034: checking if armv7l-linux-musleabihf-gcc supports -c -o file.o
configure:9055: armv7l-linux-musleabihf-gcc -c -g -O2  -o out/conftest2.o conftest.c >&5
configure:9059: $? = 0
configure:9081: result: yes
configure:9089: checking if armv7l-linux-musleabihf-gcc supports -c -o file.o
configure:9136: result: yes
configure:9169: checking whether the armv7l-linux-musleabihf-gcc linker (/mnt/HDD/Project/Public/emu-new/out/kernel/toolchain/armv7l-linux-musleabihf-cross/armv7l-linux-musleabihf/bin/ld) supports shared libraries
configure:10428: result: yes
configure:10465: checking whether -lc should be explicitly linked in
configure:10473: armv7l-linux-musleabihf-gcc -c -g -O2  conftest.c >&5
configure:10476: $? = 0
configure:10491: armv7l-linux-musleabihf-gcc -shared  -fPIC -DPIC conftest.o  -v -Wl,-soname -Wl,conftest -o conftest 2\>\&1 \| /usr/bin/grep  -lc  \>/dev/null 2\>\&1
configure:10494: $? = 0
configure:10508: result: no
configure:10668: checking dynamic linker characteristics
configure:11249: armv7l-linux-musleabihf-gcc -o conftest -g -O2   -Wl,-rpath -Wl,/foo conftest.c  >&5
configure:11249: $? = 0
configure:11489: result: GNU/Linux ld.so
configure:11611: checking how to hardcode library paths into programs
configure:11636: result: immediate
configure:12184: checking whether stripping libraries is possible
configure:12189: result: yes
configure:12224: checking if libtool supports shared libraries
configure:12226: result: yes
configure:12229: checking whether to build shared libraries
configure:12254: result: yes
configure:12257: checking whether to build static libraries
configure:12261: result: yes
configure:12310: checking for ld used by armv7l-linux-musleabihf-gcc
configure:12377: result: /mnt/HDD/Project/Public/emu-new/out/kernel/toolchain/armv7l-linux-musleabihf-cross/armv7l-linux-musleabihf/bin/ld
configure:12384: checking if the linker (/mnt/HDD/Project/Public/emu-new/out/kernel/toolchain/armv7l-linux-musleabihf-cross/armv7l-linux-musleabihf/bin/ld) is GNU ld
configure:12399: result: yes
configure:12418: checking if armv7l-linux-musleabihf-gcc supports flag -Wl,--as-needed in envvar LDFLAGS
configure:12429: armv7l-linux-musleabihf-gcc -o conftest -g -O2  -Werror -Wl,--as-needed conftest.c  >&5
configure:12429: $? = 0
configure:12439: result: yes
configure:12418: checking if armv7l-linux-musleabihf-gcc supports flag -Wl,--gc-sections in envvar LDFLAGS
configure:12429: armv7l-linux-musleabihf-gcc -o conftest -g -O2  -Werror -Wl,--gc-sections conftest.c  >&5
configure:12429: $? = 0
configure:12439: result: yes
configure:12418: checking if armv7l-linux-musleabihf-gcc supports flag -Wl,-z,relro in envvar LDFLAGS
configure:12429: armv7l-linux-musleabihf-gcc -o conftest -g -O2  -Werror -Wl,-z,relro conftest.c  >&5
configure:12429: $? = 0
configure:12439: result: yes
configure:12418: checking if armv7l-linux-musleabihf-gcc supports flag -Wl,-z,now in envvar LDFLAGS
configure:12429: armv7l-linux-musleabihf-gcc -o conftest -g -O2  -Werror -Wl,-z,now conftest.c  >&5
configure:12429: $? = 0
configure:12439: result: yes
configure:12463: checking for round in -lm
configure:12488: armv7l-linux-musleabihf-gcc -o conftest -g -O2   conftest.c -lm   >&5
conftest.c:35:6: warning: conflicting types for built-in function 'round'; expected 'double(double)' [-Wbuiltin-declaration-mismatch]
   35 | char round ();
      |      ^~~~~
conftest.c:1:1: note: 'round' is declared in header '<math.h>'
    1 | /* confdefs.h */
configure:12488: $? = 0
configure:12497: result: yes
configure:12520: checking for armv7l-linux-musleabihf-pkg-config
configure:12553: result: no
configure:12563: checking for pkg-config
configure:12581: found /usr/bin/pkg-config
configure:12593: result: /usr/bin/pkg-config
configure:12605: WARNING: using cross tools not prefixed with host triplet
configure:12618: checking pkg-config is at least version 0.9.0
configure:12621: result: yes
configure:12631: checking for CHECK
configure:12638: $PKG_CONFIG --exists --print-errors "check >= 0.9.9"
Package check was not found in the pkg-config search path.
Perhaps you should add the directory containing `check.pc'
to the PKG_CONFIG_PATH environment variable
Package 'check', required by 'virtual:world', not found
configure:12641: $? = 1
configure:12655: $PKG_CONFIG --exists --print-errors "check >= 0.9.9"
Package check was not found in the pkg-config search path.
Perhaps you should add the directory containing `check.pc'
to the PKG_CONFIG_PATH environment variable
Package 'check', required by 'virtual:world', not found
configure:12658: $? = 1
configure:12672: result: no
Package 'check', required by 'virtual:world', not found
configure:12742: WARNING: check not found - skipping building unit tests
configure:12788: checking if armv7l-linux-musleabihf-gcc supports flag -Wall in envvar CFLAGS
configure:12799: armv7l-linux-musleabihf-gcc -o conftest -Werror -Wall   conftest.c -lm  >&5
configure:12799: $? = 0
configure:12809: result: yes
configure:12788: checking if armv7l-linux-musleabihf-gcc supports flag -Wextra in envvar CFLAGS
configure:12799: armv7l-linux-musleabihf-gcc -o conftest -Werror -Wextra   conftest.c -lm  >&5
configure:12799: $? = 0
configure:12809: result: yes
configure:12788: checking if armv7l-linux-musleabihf-gcc supports flag -Wno-unused-parameter in envvar CFLAGS
configure:12799: armv7l-linux-musleabihf-gcc -o conftest -Werror -Wno-unused-parameter   conftest.c -lm  >&5
configure:12799: $? = 0
configure:12809: result: yes
configure:12788: checking if armv7l-linux-musleabihf-gcc supports flag -Wstrict-prototypes in envvar CFLAGS
configure:12799: armv7l-linux-musleabihf-gcc -o conftest -Werror -Wstrict-prototypes   conftest.c -lm  >&5
configure:12799: $? = 0
configure:12809: result: yes
configure:12788: checking if armv7l-linux-musleabihf-gcc supports flag -Wmissing-prototypes in envvar CFLAGS
configure:12799: armv7l-linux-musleabihf-gcc -o conftest -Werror -Wmissing-prototypes   conftest.c -lm  >&5
configure:12799: $? = 0
configure:12809: result: yes
configure:12788: checking if armv7l-linux-musleabihf-gcc supports flag -fvisibility=hidden in envvar CFLAGS
configure:12799: armv7l-linux-musleabihf-gcc -o conftest -Werror -fvisibility=hidden   conftest.c -lm  >&5
configure:12799: $? = 0
configure:12809: result: yes
configure:12788: checking if armv7l-linux-musleabihf-gcc supports flag -pipe in envvar CFLAGS
configure:12799: armv7l-linux-musleabihf-gcc -o conftest -Werror -pipe   conftest.c -lm  >&5
configure:12799: $? = 0
configure:12809: result: yes
configure:12788: checking if armv7l-linux-musleabihf-gcc supports flag -fno-strict-aliasing in envvar CFLAGS
configure:12799: armv7l-linux-musleabihf-gcc -o conftest -Werror -fno-strict-aliasing   conftest.c -lm  >&5
configure:12799: $? = 0
configure:12809: result: yes
configure:12788: checking if armv7l-linux-musleabihf-gcc supports flag -ffunction-sections in envvar CFLAGS
configure:12799: armv7l-linux-musleabihf-gcc -o conftest -Werror -ffunction-sections   conftest.c -lm  >&5
configure:12799: $? = 0
configure:12809: result: yes
configure:12788: checking if armv7l-linux-musleabihf-gcc supports flag -fdata-sections in envvar CFLAGS
configure:12799: armv7l-linux-musleabihf-gcc -o conftest -Werror -fdata-sections   conftest.c -lm  >&5
configure:12799: $? = 0
configure:12809: result: yes
configure:12788: checking if armv7l-linux-musleabihf-gcc supports flag -fno-strict-aliasing in envvar CFLAGS
configure:12809: result: yes
configure:12788: checking if armv7l-linux-musleabihf-gcc supports flag -fdiagnostics-show-option in envvar CFLAGS
configure:12799: armv7l-linux-musleabihf-gcc -o conftest -Werror -fdiagnostics-show-option   conftest.c -lm  >&5
configure:12799: $? = 0
configure:12809: result: yes
configure:12788: checking if armv7l-linux-musleabihf-gcc supports flag -fno-common in envvar CFLAGS
configure:12799: armv7l-linux-musleabihf-gcc -o conftest -Werror -fno-common   conftest.c -lm  >&5
configure:12799: $? = 0
configure:12809: result: yes
configure:12824: checking for doxygen
configure:12857: result: no
configure:12863: WARNING: doxygen not found - required for documentation
configure:12878: checking whether to build with gcov
configure:12904: result: no
configure:12907: checking whether to build with coverity support
configure:12936: result: no
configure:12975: checking for a Python interpreter with version >= 2.6
configure:12992: python -c import sys # split strings by '.' and convert to numeric. Append some zeros # because we need at least 4 digits for the hex conversion. # map returns an iterator in Python 3.0 and a list in 2.x minver = list(map(int, '2.6'.split('.'))) + [0, 0, 0] minverhex = 0 # xrange is not present in Python 3.0 and range returns an iterator for i in list(range(0, 4)): minverhex = (minverhex << 8) + minver[i] sys.exit(sys.hexversion < minverhex)
configure:12995: $? = 0
configure:13001: result: python
configure:13009: checking for python
configure:13027: found /usr/bin/python
configure:13039: result: /usr/bin/python
configure:13057: checking for python version
configure:13064: result: 3.10
configure:13076: checking for python platform
configure:13083: result: linux
configure:13109: checking for python script directory
configure:13144: result: ${prefix}/lib/python3.10/site-packages
configure:13153: checking for python extension module directory
configure:13188: result: ${exec_prefix}/lib/python3.10/site-packages
configure:13205: checking for nm
configure:13235: result: /home/build/inkbox/kernel/toolchain/armv7l-linux-musleabihf-cross/bin/armv7l-linux-musleabihf-nm -B
configure:13377: checking that generated files are newer than configure
configure:13383: result: done
configure:13434: creating ./config.status

## ---------------------- ##
## Running config.status. ##
## ---------------------- ##

This file was extended by libevdev config.status 1.12.0, which was
generated by GNU Autoconf 2.69.  Invocation command line was

  CONFIG_FILES    = 
  CONFIG_HEADERS  = 
  CONFIG_LINKS    = 
  CONFIG_COMMANDS = 
  $ ./config.status 

on hyperbookszyb

config.status:1135: creating Makefile
config.status:1135: creating libevdev/Makefile
config.status:1135: creating doc/Makefile
config.status:1135: creating doc/libevdev.doxygen
config.status:1135: creating doc/libevdev.man
config.status:1135: creating tools/Makefile
config.status:1135: creating test/Makefile
config.status:1135: creating libevdev.pc
config.status:1135: creating config.h
config.status:1316: config.h is unchanged
config.status:1364: executing depfiles commands
config.status:1441: cd libevdev       && sed -e '/# am--include-marker/d' Makefile         | make -f - am--depfiles
make: Nothing to be done for 'am--depfiles'.
config.status:1446: $? = 0
config.status:1441: cd tools       && sed -e '/# am--include-marker/d' Makefile         | make -f - am--depfiles
make: Nothing to be done for 'am--depfiles'.
config.status:1446: $? = 0
config.status:1441: cd test       && sed -e '/# am--include-marker/d' Makefile         | make -f - am--depfiles
make: Nothing to be done for 'am--depfiles'.
config.status:1446: $? = 0
config.status:1364: executing libtool commands
configure:15598: result:
	       Prefix				/mnt/HDD/Project/Public/inkbox-power-deamon/lib/libevdev/install
	       Libdir				${exec_prefix}/lib

	       Build documentation		no
	       Enable unit-tests		no
	       Enable profiling			no
	       Enable coverity support		no
	       Static library symbol check	yes
	       

## ---------------- ##
## Cache variables. ##
## ---------------- ##

ac_cv_build=x86_64-pc-linux-gnu
ac_cv_c_compiler_gnu=yes
ac_cv_env_CC_set=
ac_cv_env_CC_value=
ac_cv_env_CFLAGS_set=
ac_cv_env_CFLAGS_value=
ac_cv_env_CHECK_CFLAGS_set=
ac_cv_env_CHECK_CFLAGS_value=
ac_cv_env_CHECK_LIBS_set=
ac_cv_env_CHECK_LIBS_value=
ac_cv_env_CPPFLAGS_set=
ac_cv_env_CPPFLAGS_value=
ac_cv_env_CPP_set=
ac_cv_env_CPP_value=
ac_cv_env_LDFLAGS_set=
ac_cv_env_LDFLAGS_value=
ac_cv_env_LIBS_set=
ac_cv_env_LIBS_value=
ac_cv_env_LT_SYS_LIBRARY_PATH_set=
ac_cv_env_LT_SYS_LIBRARY_PATH_value=
ac_cv_env_PKG_CONFIG_LIBDIR_set=
ac_cv_env_PKG_CONFIG_LIBDIR_value=
ac_cv_env_PKG_CONFIG_PATH_set=
ac_cv_env_PKG_CONFIG_PATH_value=
ac_cv_env_PKG_CONFIG_set=
ac_cv_env_PKG_CONFIG_value=
ac_cv_env_PYTHON_set=
ac_cv_env_PYTHON_value=
ac_cv_env_build_alias_set=
ac_cv_env_build_alias_value=
ac_cv_env_host_alias_set=set
ac_cv_env_host_alias_value=armv7l-linux-musleabihf
ac_cv_env_target_alias_set=
ac_cv_env_target_alias_value=
ac_cv_header_dlfcn_h=yes
ac_cv_header_inttypes_h=yes
ac_cv_header_memory_h=yes
ac_cv_header_minix_config_h=no
ac_cv_header_stdc=yes
ac_cv_header_stdint_h=yes
ac_cv_header_stdlib_h=yes
ac_cv_header_string_h=yes
ac_cv_header_strings_h=yes
ac_cv_header_sys_stat_h=yes
ac_cv_header_sys_types_h=yes
ac_cv_header_unistd_h=yes
ac_cv_host=armv7l-unknown-linux-musleabihf
ac_cv_lib_m_round=yes
ac_cv_objext=o
ac_cv_path_EGREP='/usr/bin/grep -E'
ac_cv_path_FGREP='/usr/bin/grep -F'
ac_cv_path_GREP=/usr/bin/grep
ac_cv_path_NM='/home/build/inkbox/kernel/toolchain/armv7l-linux-musleabihf-cross/bin/armv7l-linux-musleabihf-nm -B'
ac_cv_path_PYTHON=/usr/bin/python
ac_cv_path_SED=/usr/bin/sed
ac_cv_path_ac_pt_PKG_CONFIG=/usr/bin/pkg-config
ac_cv_path_install='/usr/bin/install -c'
ac_cv_path_lt_DD=/usr/bin/dd
ac_cv_path_mkdir=/usr/bin/mkdir
ac_cv_prog_AR=armv7l-linux-musleabihf-ar
ac_cv_prog_AWK=gawk
ac_cv_prog_CC=armv7l-linux-musleabihf-gcc
ac_cv_prog_CPP='armv7l-linux-musleabihf-gcc -E'
ac_cv_prog_OBJDUMP=armv7l-linux-musleabihf-objdump
ac_cv_prog_RANLIB=armv7l-linux-musleabihf-ranlib
ac_cv_prog_STRIP=armv7l-linux-musleabihf-strip
ac_cv_prog_cc_c89=
ac_cv_prog_cc_c99=
ac_cv_prog_cc_g=yes
ac_cv_prog_make_make_set=yes
ac_cv_safe_to_define___extensions__=yes
am_cv_CC_dependencies_compiler_type=gcc3
am_cv_make_support_nested_variables=yes
am_cv_pathless_PYTHON=python
am_cv_prog_cc_c_o=yes
am_cv_python_platform=linux
am_cv_python_pyexecdir='${exec_prefix}/lib/python3.10/site-packages'
am_cv_python_pythondir='${prefix}/lib/python3.10/site-packages'
am_cv_python_version=3.10
cc_cv_CFLAGS__Wall=yes
cc_cv_CFLAGS__Wextra=yes
cc_cv_CFLAGS__Wmissing_prototypes=yes
cc_cv_CFLAGS__Wno_unused_parameter=yes
cc_cv_CFLAGS__Wstrict_prototypes=yes
cc_cv_CFLAGS__fdata_sections=yes
cc_cv_CFLAGS__fdiagnostics_show_option=yes
cc_cv_CFLAGS__ffunction_sections=yes
cc_cv_CFLAGS__fno_common=yes
cc_cv_CFLAGS__fno_strict_aliasing=yes
cc_cv_CFLAGS__fvisibility_hidden=yes
cc_cv_CFLAGS__pipe=yes
cc_cv_LDFLAGS__Wl___as_needed=yes
cc_cv_LDFLAGS__Wl___gc_sections=yes
cc_cv_LDFLAGS__Wl__z_now=yes
cc_cv_LDFLAGS__Wl__z_relro=yes
lt_cv_ar_at_file=@
lt_cv_archive_cmds_need_lc=no
lt_cv_deplibs_check_method=pass_all
lt_cv_file_magic_cmd='$MAGIC_CMD'
lt_cv_file_magic_test_file=
lt_cv_ld_reload_flag=-r
lt_cv_nm_interface='BSD nm'
lt_cv_objdir=.libs
lt_cv_path_LD=/mnt/HDD/Project/Public/emu-new/out/kernel/toolchain/armv7l-linux-musleabihf-cross/armv7l-linux-musleabihf/bin/ld
lt_cv_path_NM='/home/build/inkbox/kernel/toolchain/armv7l-linux-musleabihf-cross/bin/armv7l-linux-musleabihf-nm -B'
lt_cv_path_mainfest_tool=no
lt_cv_prog_compiler_c_o=yes
lt_cv_prog_compiler_pic='-fPIC -DPIC'
lt_cv_prog_compiler_pic_works=yes
lt_cv_prog_compiler_rtti_exceptions=no
lt_cv_prog_compiler_static_works=yes
lt_cv_prog_gnu_ld=yes
lt_cv_sharedlib_from_linklib_cmd='printf %s\n'
lt_cv_shlibpath_overrides_runpath=no
lt_cv_sys_global_symbol_pipe='sed -n -e '\''s/^.*[	 ]\([ABCDGIRSTW][ABCDGIRSTW]*\)[	 ][	 ]*\([_A-Za-z][_A-Za-z0-9]*\)$/\1 \2 \2/p'\'' | sed '\''/ __gnu_lto/d'\'''
lt_cv_sys_global_symbol_to_c_name_address='sed -n -e '\''s/^: \(.*\) .*$/  {"\1", (void *) 0},/p'\'' -e '\''s/^[ABCDGIRSTW][ABCDGIRSTW]* .* \(.*\)$/  {"\1", (void *) \&\1},/p'\'''
lt_cv_sys_global_symbol_to_c_name_address_lib_prefix='sed -n -e '\''s/^: \(.*\) .*$/  {"\1", (void *) 0},/p'\'' -e '\''s/^[ABCDGIRSTW][ABCDGIRSTW]* .* \(lib.*\)$/  {"\1", (void *) \&\1},/p'\'' -e '\''s/^[ABCDGIRSTW][ABCDGIRSTW]* .* \(.*\)$/  {"lib\1", (void *) \&\1},/p'\'''
lt_cv_sys_global_symbol_to_cdecl='sed -n -e '\''s/^T .* \(.*\)$/extern int \1();/p'\'' -e '\''s/^[ABCDGIRSTW][ABCDGIRSTW]* .* \(.*\)$/extern char \1;/p'\'''
lt_cv_sys_global_symbol_to_import=
lt_cv_sys_max_cmd_len=1572864
lt_cv_to_host_file_cmd=func_convert_file_noop
lt_cv_to_tool_file_cmd=func_convert_file_noop
lt_cv_truncate_bin='/usr/bin/dd bs=4096 count=1'

## ----------------- ##
## Output variables. ##
## ----------------- ##

ACLOCAL='${SHELL} /mnt/HDD/Project/Public/inkbox-power-deamon/lib/libevdev/build-aux/missing aclocal-1.16'
AMDEPBACKSLASH='\'
AMDEP_FALSE='#'
AMDEP_TRUE=''
AMTAR='$${TAR-tar}'
AM_BACKSLASH='\'
AM_DEFAULT_V='$(AM_DEFAULT_VERBOSITY)'
AM_DEFAULT_VERBOSITY='0'
AM_V='$(V)'
AR='armv7l-linux-musleabihf-ar'
AUTOCONF='${SHELL} /mnt/HDD/Project/Public/inkbox-power-deamon/lib/libevdev/build-aux/missing autoconf'
AUTOHEADER='${SHELL} /mnt/HDD/Project/Public/inkbox-power-deamon/lib/libevdev/build-aux/missing autoheader'
AUTOMAKE='${SHELL} /mnt/HDD/Project/Public/inkbox-power-deamon/lib/libevdev/build-aux/missing automake-1.16'
AWK='gawk'
CC='armv7l-linux-musleabihf-gcc'
CCDEPMODE='depmode=gcc3'
CFLAGS='-g -O2'
CHECK_CFLAGS=''
CHECK_LIBS=''
CPP='armv7l-linux-musleabihf-gcc -E'
CPPFLAGS=''
CYGPATH_W='echo'
DEFS='-DHAVE_CONFIG_H'
DEPDIR='.deps'
DLLTOOL='false'
DOXYGEN=''
DSYMUTIL=''
DUMPBIN=''
ECHO_C=''
ECHO_N='-n'
ECHO_T=''
EGREP='/usr/bin/grep -E'
ENABLE_RUNTIME_TESTS_FALSE=''
ENABLE_RUNTIME_TESTS_TRUE='#'
ENABLE_STATIC_LINK_TEST_FALSE='#'
ENABLE_STATIC_LINK_TEST_TRUE=''
ENABLE_STATIC_SYMBOL_LEAKS_TEST_FALSE='#'
ENABLE_STATIC_SYMBOL_LEAKS_TEST_TRUE=''
EXEEXT=''
FGREP='/usr/bin/grep -F'
GCC_CFLAGS=' -Wall -Wextra -Wno-unused-parameter -Wstrict-prototypes -Wmissing-prototypes -fvisibility=hidden -pipe -fno-strict-aliasing -ffunction-sections -fdata-sections -fno-strict-aliasing -fdiagnostics-show-option -fno-common'
GCOV_CFLAGS=''
GCOV_ENABLED_FALSE=''
GCOV_ENABLED_TRUE='#'
GCOV_LDFLAGS=''
GNU_LD_FLAGS=' -Wl,--as-needed -Wl,--gc-sections -Wl,-z,relro -Wl,-z,now'
GREP='/usr/bin/grep'
HAVE_DOXYGEN_FALSE=''
HAVE_DOXYGEN_TRUE='#'
HAVE_NM_FALSE='#'
HAVE_NM_TRUE=''
HAVE_VALGRIND_FALSE=''
HAVE_VALGRIND_TRUE='#'
INSTALL_DATA='${INSTALL} -m 644'
INSTALL_PROGRAM='${INSTALL}'
INSTALL_SCRIPT='${INSTALL}'
INSTALL_STRIP_PROGRAM='$(install_sh) -c -s'
LD='/mnt/HDD/Project/Public/emu-new/out/kernel/toolchain/armv7l-linux-musleabihf-cross/armv7l-linux-musleabihf/bin/ld'
LDFLAGS=''
LIBEVDEV_LT_VERSION='5:0:3'
LIBOBJS=''
LIBS='-lm '
LIBTOOL='$(SHELL) $(top_builddir)/libtool'
LIPO=''
LN_S='ln -s'
LTLIBOBJS=''
LT_SYS_LIBRARY_PATH=''
MAKEINFO='${SHELL} /mnt/HDD/Project/Public/inkbox-power-deamon/lib/libevdev/build-aux/missing makeinfo'
MANIFEST_TOOL=':'
MKDIR_P='/usr/bin/mkdir -p'
NM='/home/build/inkbox/kernel/toolchain/armv7l-linux-musleabihf-cross/bin/armv7l-linux-musleabihf-nm -B'
NMEDIT=''
OBJDUMP='armv7l-linux-musleabihf-objdump'
OBJEXT='o'
OS='linux'
OTOOL64=''
OTOOL=''
PACKAGE='libevdev'
PACKAGE_BUGREPORT='https://bugs.freedesktop.org/enter_bug.cgi?product=libevdev'
PACKAGE_NAME='libevdev'
PACKAGE_STRING='libevdev 1.12.0'
PACKAGE_TARNAME='libevdev'
PACKAGE_URL='http://freedesktop.org/wiki/Software/libevdev/'
PACKAGE_VERSION='1.12.0'
PATH_SEPARATOR=':'
PKG_CONFIG='/usr/bin/pkg-config'
PKG_CONFIG_LIBDIR=''
PKG_CONFIG_PATH=''
PYTHON='/usr/bin/python'
PYTHON_EXEC_PREFIX='${exec_prefix}'
PYTHON_PLATFORM='linux'
PYTHON_PREFIX='${prefix}'
PYTHON_VERSION='3.10'
RANLIB='armv7l-linux-musleabihf-ranlib'
SED='/usr/bin/sed'
SET_MAKE=''
SHELL='/bin/sh'
STRIP='armv7l-linux-musleabihf-strip'
VALGRIND=''
VERSION='1.12.0'
ac_ct_AR=''
ac_ct_CC=''
ac_ct_DUMPBIN=''
am__EXEEXT_FALSE=''
am__EXEEXT_TRUE='#'
am__fastdepCC_FALSE='#'
am__fastdepCC_TRUE=''
am__include='include'
am__isrc=''
am__leading_dot='.'
am__nodep='_no'
am__quote=''
am__tar='$${TAR-tar} chof - "$$tardir"'
am__untar='$${TAR-tar} xf -'
bindir='${exec_prefix}/bin'
build='x86_64-pc-linux-gnu'
build_alias=''
build_cpu='x86_64'
build_os='linux-gnu'
build_vendor='pc'
datadir='${datarootdir}'
datarootdir='${prefix}/share'
docdir='${datarootdir}/doc/${PACKAGE_TARNAME}'
dvidir='${docdir}'
exec_prefix='${prefix}'
host='armv7l-unknown-linux-musleabihf'
host_alias='armv7l-linux-musleabihf'
host_cpu='armv7l'
host_os='linux-musleabihf'
host_vendor='unknown'
htmldir='${docdir}'
includedir='${prefix}/include'
infodir='${datarootdir}/info'
install_sh='${SHELL} /mnt/HDD/Project/Public/inkbox-power-deamon/lib/libevdev/build-aux/install-sh'
libdir='${exec_prefix}/lib'
libexecdir='${exec_prefix}/libexec'
localedir='${datarootdir}/locale'
localstatedir='${prefix}/var'
mandir='${datarootdir}/man'
mkdir_p='$(MKDIR_P)'
oldincludedir='/usr/include'
pdfdir='${docdir}'
pkgpyexecdir='${pyexecdir}/libevdev'
pkgpythondir='${pythondir}/libevdev'
prefix='/mnt/HDD/Project/Public/inkbox-power-deamon/lib/libevdev/install'
program_transform_name='s,x,x,'
psdir='${docdir}'
pyexecdir='${exec_prefix}/lib/python3.10/site-packages'
pythondir='${prefix}/lib/python3.10/site-packages'
runstatedir='${localstatedir}/run'
sbindir='${exec_prefix}/sbin'
sharedstatedir='${prefix}/com'
sysconfdir='${prefix}/etc'
target_alias=''

## ----------- ##
## confdefs.h. ##
## ----------- ##

/* confdefs.h */
#define PACKAGE_NAME "libevdev"
#define PACKAGE_TARNAME "libevdev"
#define PACKAGE_VERSION "1.12.0"
#define PACKAGE_STRING "libevdev 1.12.0"
#define PACKAGE_BUGREPORT "https://bugs.freedesktop.org/enter_bug.cgi?product=libevdev"
#define PACKAGE_URL "http://freedesktop.org/wiki/Software/libevdev/"
#define STDC_HEADERS 1
#define HAVE_SYS_TYPES_H 1
#define HAVE_SYS_STAT_H 1
#define HAVE_STDLIB_H 1
#define HAVE_STRING_H 1
#define HAVE_MEMORY_H 1
#define HAVE_STRINGS_H 1
#define HAVE_INTTYPES_H 1
#define HAVE_STDINT_H 1
#define HAVE_UNISTD_H 1
#define __EXTENSIONS__ 1
#define _ALL_SOURCE 1
#define _GNU_SOURCE 1
#define _POSIX_PTHREAD_SEMANTICS 1
#define _TANDEM_SOURCE 1
#define PACKAGE "libevdev"
#define VERSION "1.12.0"
#define HAVE_DLFCN_H 1
#define LT_OBJDIR ".libs/"
#define HAVE_LIBM 1

configure: exit 0
